Thread 1 is currently executing	 Result  = 1	 counter = 1
Thread 2 is currently executing	 Result  = 2	 counter = 1
Thread 1 is currently executing	 Result  = 3	 counter = 1
Thread 3 is currently executing	 Result  = 4	 counter = 1
Thread 2 is currently executing	 Result  = 5	 counter = 1
Thread 1 is currently executing	 Result  = 6	 counter = 1
Thread 3 is currently executing	 Result  = 7	 counter = 1
Process 4 is working	 Result of working = 8	 counter = 1
Thread 2 is currently executing	 Result  = 8	 counter = 1
Thread 1 is currently executing	 Result  = 9	 counter = 1
Thread 3 is currently executing	 Result  = 10	 counter = 1
Process 4 is working	 Result of working = 9	 counter = 1
Thread 2 is currently executing	 Result  = 11	 counter = 1
Thread 1 is currently executing	 Result  = 12	 counter = 1
Thread 3 is currently executing	 Result  = 13	 counter = 1
Stopping thread 3...
Process 4 is working	 Result of working = 10	 counter = 1
Thread 2 is currently executing	 Result  = 14	 counter = 1
Thread 1 is currently executing	 Result  = 15	 counter = 1
Thread 3 stopped
Process 4 is working	 Result of working = 11	 counter = 1
Thread 2 is currently executing	 Result  = 16	 counter = 1
Thread 1 is currently executing	 Result  = 17	 counter = 1
Process 4 is working	 Result of working = 12	 counter = 1
Thread 2 is currently executing	 Result  = 18	 counter = 1
Thread 1 is currently executing	 Result  = 19	 counter = 1
Deleting identity 2...
Process 4 is working	 Result of working = 13	 counter = 1
Thread 2 is killed
Thread 1 is currently executing	 Result  = 20	 counter = 1
Process 4 is working	 Result of working = 14	 counter = 1
Thread 1 is currently executing	 Result  = 21	 counter = 1
Process 4 is working	 Result of working = 15	 counter = 1
Thread 3 is currently executing	 Result  = 22	 counter = 1
Thread 1 is currently executing	 Result  = 23	 counter = 1
Process 4 is working	 Result of working = 16	 counter = 1
Thread 3 is currently executing	 Result  = 24	 counter = 1
Thread 1 is currently executing	 Result  = 25	 counter = 1
Process 4 is working	 Result of working = 17	 counter = 1
Thread 3 is currently executing	 Result  = 26	 counter = 1
Thread 1 is currently executing	 Result  = 27	 counter = 1
Process 4 is working	 Result of working = 18	 counter = 1
Thread 3 is currently executing	 Result  = 28	 counter = 1
Thread 1 is currently executing	 Result  = 29	 counter = 1
Process 4 is working	 Result of working = 19	 counter = 1
Thread 3 is currently executing	 Result  = 30	 counter = 1
Thread 1 is currently executing	 Result  = 31	 counter = 1
Process 4 is working	 Result of working = 20	 counter = 1
Thread 3 is currently executing	 Result  = 32	 counter = 1
Thread 1 is currently executing	 Result  = 33	 counter = 1
Process 4 is working	 Result of working = 21	 counter = 1
Thread 3 is currently executing	 Result  = 34	 counter = 1
Thread 1 is currently executing	 Result  = 35	 counter = 1
Process 4 is working	 Result of working = 22	 counter = 1
Thread 3 is currently executing	 Result  = 36	 counter = 1
Thread 1 is currently executing	 Result  = 37	 counter = 1
Thread 3 is currently executing	 Result  = 38	 counter = 1
